2025-01-24 20:01:08.704 [info] Reading sessions from keychain...
2025-01-24 20:01:08.704 [info] Getting sessions for all scopes...
2025-01-24 20:01:08.704 [info] Getting sessions for all scopes...
2025-01-24 20:01:08.704 [info] Getting sessions for all scopes...
2025-01-24 20:01:08.704 [info] Getting sessions for all scopes...
2025-01-24 20:01:08.704 [info] Getting sessions for all scopes...
2025-01-24 20:01:08.704 [info] Getting sessions for all scopes...
2025-01-24 20:01:08.704 [info] Getting sessions for all scopes...
2025-01-24 20:01:08.704 [info] Getting sessions for all scopes...
2025-01-24 20:01:08.704 [info] Got stored sessions!
2025-01-24 20:01:08.704 [info] Got 1 verified sessions.
2025-01-24 20:01:08.704 [info] Got 1 sessions for ...
2025-01-24 20:01:08.704 [info] Got 1 sessions for ...
2025-01-24 20:01:08.704 [info] Got 1 sessions for ...
2025-01-24 20:01:08.704 [info] Got 1 sessions for ...
2025-01-24 20:01:08.704 [info] Got 1 sessions for ...
2025-01-24 20:01:08.704 [info] Got 1 sessions for ...
2025-01-24 20:01:08.704 [info] Got 1 sessions for ...
2025-01-24 20:01:08.704 [info] Got 1 sessions for ...
2025-01-24 20:01:10.642 [info] Getting sessions for all scopes...
2025-01-24 20:01:10.642 [info] Got 1 sessions for ...
