2025-01-24 18:37:15.021 [info] Telemetry level is off
2025-01-24 18:37:15.021 [info] Experiments are disabled, only manually opted experiments are active.
2025-01-24 18:37:15.021 [warning] Dir "/home/celestial/Documents/new-arch/.pixi/envs" is not watchable (directory does not exist)
2025-01-24 18:37:15.021 [info] Starting Environment refresh
2025-01-24 18:37:15.021 [info] Searching for interpreters in posix paths locator
2025-01-24 18:37:15.021 [info] Searching for pyenv environments
2025-01-24 18:37:15.021 [info] Searching for conda environments
2025-01-24 18:37:15.021 [info] Searching for global virtual environments
2025-01-24 18:37:15.021 [info] Searching for custom virtual environments
2025-01-24 18:37:15.021 [info] Finished searching for pyenv environments: 7 milliseconds
2025-01-24 18:37:15.021 [info] Finished searching for custom virtual envs: 7 milliseconds
2025-01-24 18:37:15.021 [info] > conda info --json
2025-01-24 18:37:15.021 [info] > hatch env show --json
2025-01-24 18:37:15.021 [info] cwd: .
2025-01-24 18:37:15.021 [info] > pyenv which python
2025-01-24 18:37:15.021 [info] cwd: .
2025-01-24 18:37:15.021 [info] Finished searching for global virtual envs: 25 milliseconds
2025-01-24 18:37:15.022 [info] Found: /bin/python --> /bin/python3.13
2025-01-24 18:37:15.022 [info] Found: /bin/python3 --> /bin/python3.13
2025-01-24 18:37:15.023 [info] Found: /bin/python3.13 --> /bin/python3.13
2025-01-24 18:37:15.289 [info] Found: /sbin/python --> /sbin/python3.13
2025-01-24 18:37:15.290 [info] Found: /sbin/python3 --> /sbin/python3.13
2025-01-24 18:37:15.290 [info] Found: /sbin/python3.13 --> /sbin/python3.13
2025-01-24 18:37:15.296 [info] Found: /usr/bin/python --> /usr/bin/python3.13
2025-01-24 18:37:15.296 [info] Found: /usr/bin/python3 --> /usr/bin/python3.13
2025-01-24 18:37:15.296 [info] Found: /usr/bin/python3.13 --> /usr/bin/python3.13
2025-01-24 18:37:15.307 [info] Found: /usr/sbin/python --> /usr/sbin/python3.13
2025-01-24 18:37:15.307 [info] Found: /usr/sbin/python3 --> /usr/sbin/python3.13
2025-01-24 18:37:15.307 [info] Found: /usr/sbin/python3.13 --> /usr/sbin/python3.13
2025-01-24 18:37:15.316 [info] > /bin/python -I ~/.vscode/extensions/ms-python.python-2024.22.2-linux-x64/python_files/get_output_via_markers.py ~/.vscode/extensions/ms-python.python-2024.22.2-linux-x64/python_files/interpreterInfo.py
2025-01-24 18:37:15.323 [info] > /sbin/python -I ~/.vscode/extensions/ms-python.python-2024.22.2-linux-x64/python_files/get_output_via_markers.py ~/.vscode/extensions/ms-python.python-2024.22.2-linux-x64/python_files/interpreterInfo.py
2025-01-24 18:37:15.326 [info] Finished searching for interpreters in posix paths locator: 340 milliseconds
2025-01-24 18:37:15.328 [info] Environments refresh paths discovered (event): 342 milliseconds
2025-01-24 18:37:15.328 [info] Environments refresh paths discovered: 342 milliseconds
2025-01-24 18:37:15.358 [info] > /usr/bin/python -I ~/.vscode/extensions/ms-python.python-2024.22.2-linux-x64/python_files/get_output_via_markers.py ~/.vscode/extensions/ms-python.python-2024.22.2-linux-x64/python_files/interpreterInfo.py
2025-01-24 18:37:15.363 [info] > /usr/sbin/python -I ~/.vscode/extensions/ms-python.python-2024.22.2-linux-x64/python_files/get_output_via_markers.py ~/.vscode/extensions/ms-python.python-2024.22.2-linux-x64/python_files/interpreterInfo.py
2025-01-24 18:37:15.386 [info] Environments refresh finished (event): 400 milliseconds
2025-01-24 18:37:15.391 [info] Environment refresh took 405 milliseconds
2025-01-24 18:37:15.394 [info] Python interpreter path: /bin/python
2025-01-24 18:37:16.244 [info] Starting Pylance language server.
2025-01-24 18:37:43.884 [info] CreateEnv Trigger - Skipping for /home/celestial/Documents/new-arch/test.py
2025-01-24 18:37:44.128 [info] Discover tests for workspace name: new-arch - uri: /home/celestial/Documents/new-arch/test.py
2025-01-24 18:38:13.477 [info] Discover tests for workspace name: new-arch - uri: /home/celestial/Documents/new-arch/test.py
2025-01-24 20:04:51.084 [info] Discover tests for workspace name: new-arch - uri: /home/celestial/Documents/new-arch/test.py
2025-01-24 20:05:05.173 [info] Discover tests for workspace name: new-arch - uri: /home/celestial/Documents/new-arch/test.py
2025-01-24 20:29:55.569 [info] Discover tests for workspace name: new-arch - uri: /home/celestial/Documents/new-arch/test.py
2025-01-24 20:29:57.323 [info] Discover tests for workspace name: new-arch - uri: /home/celestial/Documents/new-arch/test.py
