2025-01-24 18:19:06.771 [info] Reading sessions from keychain...
2025-01-24 18:19:06.771 [info] Getting sessions for all scopes...
2025-01-24 18:19:06.771 [info] Getting sessions for all scopes...
2025-01-24 18:19:06.771 [info] Getting sessions for all scopes...
2025-01-24 18:19:06.771 [info] Getting sessions for all scopes...
2025-01-24 18:19:06.771 [info] Getting sessions for all scopes...
2025-01-24 18:19:06.771 [info] Getting sessions for all scopes...
2025-01-24 18:19:06.771 [info] Getting sessions for all scopes...
2025-01-24 18:19:06.771 [info] Getting sessions for all scopes...
2025-01-24 18:19:06.771 [info] Got stored sessions!
2025-01-24 18:19:06.771 [info] Got 1 verified sessions.
2025-01-24 18:19:06.771 [info] Got 1 sessions for ...
2025-01-24 18:19:06.771 [info] Got 1 sessions for ...
2025-01-24 18:19:06.771 [info] Got 1 sessions for ...
2025-01-24 18:19:06.771 [info] Got 1 sessions for ...
2025-01-24 18:19:06.771 [info] Got 1 sessions for ...
2025-01-24 18:19:06.771 [info] Got 1 sessions for ...
2025-01-24 18:19:06.771 [info] Got 1 sessions for ...
2025-01-24 18:19:06.771 [info] Got 1 sessions for ...
2025-01-24 18:19:07.111 [info] Getting sessions for read:user,repo,user:email,workflow...
2025-01-24 18:19:07.111 [info] Got 1 sessions for read:user,repo,user:email,workflow...
2025-01-24 18:19:07.780 [info] Getting sessions for read:user,repo,user:email,workflow...
2025-01-24 18:19:07.780 [info] Got 1 sessions for read:user,repo,user:email,workflow...
2025-01-24 18:19:08.416 [info] Getting sessions for all scopes...
2025-01-24 18:19:08.416 [info] Got 1 sessions for ...
2025-01-24 18:19:52.831 [info] Reading sessions from keychain...
2025-01-24 18:19:52.831 [info] Getting sessions for all scopes...
2025-01-24 18:19:52.831 [info] Getting sessions for all scopes...
2025-01-24 18:19:52.831 [info] Getting sessions for all scopes...
2025-01-24 18:19:52.831 [info] Getting sessions for all scopes...
2025-01-24 18:19:52.831 [info] Getting sessions for all scopes...
2025-01-24 18:19:52.831 [info] Getting sessions for all scopes...
2025-01-24 18:19:52.831 [info] Getting sessions for all scopes...
2025-01-24 18:19:52.831 [info] Getting sessions for all scopes...
2025-01-24 18:19:52.831 [info] Got stored sessions!
2025-01-24 18:19:52.831 [info] Got 1 verified sessions.
2025-01-24 18:19:52.831 [info] Got 1 sessions for ...
2025-01-24 18:19:52.831 [info] Got 1 sessions for ...
2025-01-24 18:19:52.831 [info] Got 1 sessions for ...
2025-01-24 18:19:52.831 [info] Got 1 sessions for ...
2025-01-24 18:19:52.831 [info] Got 1 sessions for ...
2025-01-24 18:19:52.831 [info] Got 1 sessions for ...
2025-01-24 18:19:52.831 [info] Got 1 sessions for ...
2025-01-24 18:19:52.831 [info] Got 1 sessions for ...
2025-01-24 18:19:54.739 [info] Getting sessions for all scopes...
2025-01-24 18:19:54.739 [info] Got 1 sessions for ...
