2025-01-24 18:18:40.964 [info] [main] Log level: Info
2025-01-24 18:18:40.964 [info] [main] Validating found git in: "git"
2025-01-24 18:18:40.964 [info] [main] Using git "2.48.1" from "git"
2025-01-24 18:18:40.964 [info] [Model][doInitialScan] Initial repository scan started
2025-01-24 18:18:40.964 [info] > git rev-parse --show-toplevel [4ms]
2025-01-24 18:18:40.966 [info] > git rev-parse --git-dir --git-common-dir [22ms]
2025-01-24 18:18:40.975 [info] [Model][openRepository] Opened repository: /home/celestial/Documents/git-works/meomint
2025-01-24 18:18:40.993 [info] > git rev-parse --show-toplevel [6ms]
2025-01-24 18:18:40.994 [info] > git config --get commit.template [11ms]
2025-01-24 18:18:41.009 [info] > git rev-parse --show-toplevel [9ms]
2025-01-24 18:18:41.015 [info] > git for-each-ref --format=%(refname)%00%(upstream:short)%00%(objectname)%00%(upstream:track)%00%(upstream:remotename)%00%(upstream:remoteref) refs/heads/main refs/remotes/main [7ms]
2025-01-24 18:18:41.047 [warning] [Git][revParse] Unable to read file: ENOENT: no such file or directory, open '/home/celestial/Documents/git-works/meomint/.git/refs/remotes/origin/main'
2025-01-24 18:18:41.048 [info] > git rev-parse --show-toplevel [34ms]
2025-01-24 18:18:41.049 [info] [Model][doInitialScan] Initial repository scan completed - repositories (1), closed repositories (0), parent repositories (0), unsafe repositories (0)
2025-01-24 18:18:41.061 [info] > git rev-parse refs/remotes/origin/main [13ms]
2025-01-24 18:18:41.078 [info] > git for-each-ref --sort -committerdate --format %(refname) %(objectname) %(*objectname) [2ms]
2025-01-24 18:18:41.113 [info] > git status -z -uall [45ms]
2025-01-24 18:18:41.130 [info] > git for-each-ref --format=%(refname)%00%(upstream:short)%00%(objectname)%00%(upstream:track)%00%(upstream:remotename)%00%(upstream:remoteref) refs/heads/main refs/remotes/main [9ms]
2025-01-24 18:18:41.141 [info] > git config --get commit.template [11ms]
2025-01-24 18:18:41.142 [info] > git config --local branch.main.vscode-merge-base [3ms]
2025-01-24 18:18:41.151 [info] > git for-each-ref --format=%(refname)%00%(upstream:short)%00%(objectname)%00%(upstream:track)%00%(upstream:remotename)%00%(upstream:remoteref) refs/heads/origin/main refs/remotes/origin/main [5ms]
2025-01-24 18:18:41.176 [info] > git merge-base refs/heads/main refs/remotes/origin/main [19ms]
2025-01-24 18:18:41.180 [info] > git for-each-ref --format=%(refname)%00%(upstream:short)%00%(objectname)%00%(upstream:track)%00%(upstream:remotename)%00%(upstream:remoteref) refs/heads/main refs/remotes/main [30ms]
2025-01-24 18:18:41.184 [warning] [Git][revParse] Unable to read file: ENOENT: no such file or directory, open '/home/celestial/Documents/git-works/meomint/.git/refs/remotes/origin/main'
2025-01-24 18:18:41.186 [info] > git rev-parse refs/remotes/origin/main [2ms]
2025-01-24 18:18:41.195 [info] > git diff --name-status -z --diff-filter=ADMR 2d9c4fdc9e41eaa16ad80eafb4ba1458aed568de...refs/remotes/origin/main [15ms]
2025-01-24 18:18:41.196 [info] > git for-each-ref --sort -committerdate --format %(refname) %(objectname) %(*objectname) [2ms]
2025-01-24 18:18:41.221 [info] > git status -z -uall [31ms]
2025-01-24 18:18:41.534 [info] > git check-ignore -v -z --stdin [9ms]
