2025-01-24 16:27:45.810 [info] Added views:outline in workbench.view.explorer
2025-01-24 16:27:45.810 [info] Added views:workbench.view.search in workbench.view.search
2025-01-24 16:27:45.810 [info] Added views:workbench.scm in workbench.view.scm
2025-01-24 16:27:45.810 [info] Added views:workbench.panel.markers.view in workbench.panel.markers
2025-01-24 16:27:45.810 [info] Added views:workbench.panel.output in workbench.panel.output
2025-01-24 16:27:45.810 [info] Added views:terminal in terminal
2025-01-24 16:27:45.810 [info] Added views:timeline in workbench.view.explorer
2025-01-24 16:27:45.810 [info] Added views:workbench.explorer.emptyView in workbench.view.explorer
2025-01-24 16:27:45.886 [info] Added views:workbench.debug.variablesView,workbench.debug.watchExpressionsView,workbench.debug.callStackView,workbench.debug.breakPointsView in workbench.view.debug
2025-01-24 16:27:46.257 [info] Added views:~remote.forwardedPorts in ~remote.forwardedPortsContainer
2025-01-24 16:27:46.458 [info] Added views:workbench.panel.repl.view in workbench.panel.repl
2025-01-24 16:27:46.461 [info] Removed views:workbench.debug.breakPointsView,workbench.debug.callStackView,workbench.debug.watchExpressionsView,workbench.debug.variablesView from workbench.view.debug
2025-01-24 16:27:46.461 [info] Added views:workbench.debug.welcome in workbench.view.debug
2025-01-24 16:35:21.034 [info] Added views:outline in workbench.view.explorer
2025-01-24 16:35:21.034 [info] Added views:workbench.view.search in workbench.view.search
2025-01-24 16:35:21.034 [info] Added views:workbench.scm in workbench.view.scm
2025-01-24 16:35:21.034 [info] Added views:workbench.panel.markers.view in workbench.panel.markers
2025-01-24 16:35:21.034 [info] Added views:workbench.panel.output in workbench.panel.output
2025-01-24 16:35:21.034 [info] Added views:terminal in terminal
2025-01-24 16:35:21.034 [info] Added views:timeline in workbench.view.explorer
2025-01-24 16:35:21.034 [info] Added views:workbench.explorer.fileView in workbench.view.explorer
2025-01-24 16:35:21.359 [info] Added views:workbench.debug.variablesView,workbench.debug.watchExpressionsView,workbench.debug.callStackView,workbench.debug.breakPointsView in workbench.view.debug
2025-01-24 16:35:21.397 [info] Added views:~remote.forwardedPorts in ~remote.forwardedPortsContainer
2025-01-24 16:35:21.543 [info] Added views:workbench.panel.repl.view in workbench.panel.repl
2025-01-24 16:35:21.544 [info] Removed views:workbench.debug.breakPointsView,workbench.debug.callStackView,workbench.debug.watchExpressionsView,workbench.debug.variablesView from workbench.view.debug
2025-01-24 16:35:21.545 [info] Added views:workbench.debug.welcome in workbench.view.debug
2025-01-24 16:35:21.701 [info] Added views:workbench.scm.history in workbench.view.scm
2025-01-24 16:40:11.357 [info] Removed views:workbench.scm.history from workbench.view.scm
