2025-01-24 18:19:05.897 [info] Added views:outline in workbench.view.explorer
2025-01-24 18:19:05.897 [info] Added views:workbench.view.search in workbench.view.search
2025-01-24 18:19:05.897 [info] Added views:workbench.scm in workbench.view.scm
2025-01-24 18:19:05.897 [info] Added views:workbench.panel.markers.view in workbench.panel.markers
2025-01-24 18:19:05.897 [info] Added views:workbench.panel.output in workbench.panel.output
2025-01-24 18:19:05.897 [info] Added views:terminal in terminal
2025-01-24 18:19:05.897 [info] Added views:timeline in workbench.view.explorer
2025-01-24 18:19:05.898 [info] Added views:workbench.explorer.fileView in workbench.view.explorer
2025-01-24 18:19:06.386 [info] Added views:workbench.debug.welcome in workbench.view.debug
2025-01-24 18:19:06.500 [info] Added views:~remote.forwardedPorts in ~remote.forwardedPortsContainer
2025-01-24 18:19:06.719 [info] Added views:workbench.panel.repl.view in workbench.panel.repl
2025-01-24 18:19:06.981 [info] Added views:workbench.scm.history in workbench.view.scm
2025-01-24 18:19:51.852 [info] Removed views:workbench.scm.history from workbench.view.scm
2025-01-24 18:19:52.148 [info] Added views:outline in workbench.view.explorer
2025-01-24 18:19:52.148 [info] Added views:workbench.view.search in workbench.view.search
2025-01-24 18:19:52.148 [info] Added views:workbench.scm in workbench.view.scm
2025-01-24 18:19:52.148 [info] Added views:workbench.panel.markers.view in workbench.panel.markers
2025-01-24 18:19:52.148 [info] Added views:workbench.panel.output in workbench.panel.output
2025-01-24 18:19:52.148 [info] Added views:terminal in terminal
2025-01-24 18:19:52.148 [info] Added views:timeline in workbench.view.explorer
2025-01-24 18:19:52.148 [info] Added views:workbench.explorer.fileView in workbench.view.explorer
2025-01-24 18:19:52.471 [info] Added views:workbench.debug.variablesView,workbench.debug.watchExpressionsView,workbench.debug.callStackView,workbench.debug.breakPointsView in workbench.view.debug
2025-01-24 18:19:52.501 [info] Added views:~remote.forwardedPorts in ~remote.forwardedPortsContainer
2025-01-24 18:19:52.712 [info] Added views:workbench.panel.repl.view in workbench.panel.repl
2025-01-24 18:19:52.712 [info] Removed views:workbench.debug.breakPointsView,workbench.debug.callStackView,workbench.debug.watchExpressionsView,workbench.debug.variablesView from workbench.view.debug
2025-01-24 18:19:52.713 [info] Added views:workbench.debug.welcome in workbench.view.debug
2025-01-24 18:36:59.021 [info] Added views:workbench.views.extensions.installed,workbench.views.extensions.popular,extensions.recommendedList in workbench.view.extensions
2025-01-24 18:36:59.022 [info] Removed views:workbench.views.extensions.popular from workbench.view.extensions
2025-01-24 18:36:59.581 [info] Removed views:extensions.recommendedList,workbench.views.extensions.installed from workbench.view.extensions
2025-01-24 18:36:59.586 [info] Added views:workbench.views.extensions.marketplace in workbench.view.extensions
2025-01-24 18:37:14.981 [info] Added views:workbench.view.testing in workbench.view.extension.test
