2025-01-24 20:02:43.012 [info] [main] Log level: Info
2025-01-24 20:02:43.012 [info] [main] Validating found git in: "git"
2025-01-24 20:02:43.012 [info] [main] Using git "2.48.1" from "git"
2025-01-24 20:02:43.012 [info] [Model][doInitialScan] Initial repository scan started
2025-01-24 20:02:43.012 [info] > git rev-parse --show-toplevel [2ms]
2025-01-24 20:02:43.012 [info] fatal: not a git repository (or any parent up to mount point /)
Stopping at filesystem boundary (GIT_DISCOVERY_ACROSS_FILESYSTEM not set).
2025-01-24 20:02:43.012 [info] > git rev-parse --show-toplevel [1ms]
2025-01-24 20:02:43.012 [info] fatal: not a git repository (or any parent up to mount point /)
Stopping at filesystem boundary (GIT_DISCOVERY_ACROSS_FILESYSTEM not set).
2025-01-24 20:02:43.012 [info] > git rev-parse --show-toplevel [0ms]
2025-01-24 20:02:43.012 [info] fatal: not a git repository (or any parent up to mount point /)
Stopping at filesystem boundary (GIT_DISCOVERY_ACROSS_FILESYSTEM not set).
2025-01-24 20:02:43.012 [info] > git rev-parse --show-toplevel [1ms]
2025-01-24 20:02:43.012 [info] fatal: not a git repository (or any parent up to mount point /)
Stopping at filesystem boundary (GIT_DISCOVERY_ACROSS_FILESYSTEM not set).
2025-01-24 20:02:43.012 [info] > git rev-parse --show-toplevel [1ms]
2025-01-24 20:02:43.012 [info] fatal: not a git repository (or any parent up to mount point /)
Stopping at filesystem boundary (GIT_DISCOVERY_ACROSS_FILESYSTEM not set).
2025-01-24 20:02:43.012 [info] > git rev-parse --show-toplevel [3ms]
2025-01-24 20:02:43.012 [info] fatal: not a git repository (or any parent up to mount point /)
Stopping at filesystem boundary (GIT_DISCOVERY_ACROSS_FILESYSTEM not set).
2025-01-24 20:02:43.012 [info] [Model][doInitialScan] Initial repository scan completed - repositories (0), closed repositories (0), parent repositories (0), unsafe repositories (0)
2025-01-24 20:02:43.071 [info] > git rev-parse --show-toplevel [1ms]
2025-01-24 20:02:43.071 [info] fatal: not a git repository (or any parent up to mount point /)
Stopping at filesystem boundary (GIT_DISCOVERY_ACROSS_FILESYSTEM not set).
2025-01-24 20:02:44.959 [info] > git rev-parse --show-toplevel [2ms]
2025-01-24 20:02:44.959 [info] fatal: not a git repository (or any parent up to mount point /)
Stopping at filesystem boundary (GIT_DISCOVERY_ACROSS_FILESYSTEM not set).
2025-01-24 20:02:50.949 [info] > git rev-parse --show-toplevel [1ms]
2025-01-24 20:02:50.949 [info] fatal: not a git repository (or any parent up to mount point /)
Stopping at filesystem boundary (GIT_DISCOVERY_ACROSS_FILESYSTEM not set).
2025-01-24 20:03:51.731 [info] > git rev-parse --show-toplevel [1ms]
2025-01-24 20:03:51.731 [info] fatal: not a git repository (or any parent up to mount point /)
Stopping at filesystem boundary (GIT_DISCOVERY_ACROSS_FILESYSTEM not set).
2025-01-24 20:05:17.926 [info] > git rev-parse --show-toplevel [1ms]
2025-01-24 20:05:17.926 [info] fatal: not a git repository (or any parent up to mount point /)
Stopping at filesystem boundary (GIT_DISCOVERY_ACROSS_FILESYSTEM not set).
2025-01-24 20:05:19.488 [info] > git rev-parse --show-toplevel [1ms]
2025-01-24 20:05:19.488 [info] fatal: not a git repository (or any parent up to mount point /)
Stopping at filesystem boundary (GIT_DISCOVERY_ACROSS_FILESYSTEM not set).
2025-01-24 20:05:38.203 [info] > git rev-parse --show-toplevel [1ms]
2025-01-24 20:05:38.203 [info] fatal: not a git repository (or any parent up to mount point /)
Stopping at filesystem boundary (GIT_DISCOVERY_ACROSS_FILESYSTEM not set).
2025-01-24 20:05:46.636 [info] > git rev-parse --show-toplevel [1ms]
2025-01-24 20:05:46.636 [info] fatal: not a git repository (or any parent up to mount point /)
Stopping at filesystem boundary (GIT_DISCOVERY_ACROSS_FILESYSTEM not set).
2025-01-24 20:07:13.628 [info] > git rev-parse --show-toplevel [1ms]
2025-01-24 20:07:13.628 [info] fatal: not a git repository (or any parent up to mount point /)
Stopping at filesystem boundary (GIT_DISCOVERY_ACROSS_FILESYSTEM not set).
2025-01-24 20:07:22.152 [info] > git rev-parse --show-toplevel [1ms]
2025-01-24 20:07:22.152 [info] fatal: not a git repository (or any parent up to mount point /)
Stopping at filesystem boundary (GIT_DISCOVERY_ACROSS_FILESYSTEM not set).
2025-01-24 20:07:27.414 [info] > git rev-parse --show-toplevel [1ms]
2025-01-24 20:07:27.414 [info] fatal: not a git repository (or any parent up to mount point /)
Stopping at filesystem boundary (GIT_DISCOVERY_ACROSS_FILESYSTEM not set).
2025-01-24 20:07:38.133 [info] > git rev-parse --show-toplevel [2ms]
2025-01-24 20:07:38.133 [info] fatal: not a git repository (or any parent up to mount point /)
Stopping at filesystem boundary (GIT_DISCOVERY_ACROSS_FILESYSTEM not set).
2025-01-24 20:07:46.507 [info] > git rev-parse --show-toplevel [1ms]
2025-01-24 20:07:46.507 [info] fatal: not a git repository (or any parent up to mount point /)
Stopping at filesystem boundary (GIT_DISCOVERY_ACROSS_FILESYSTEM not set).
2025-01-24 20:08:10.187 [info] > git rev-parse --show-toplevel [1ms]
2025-01-24 20:08:10.188 [info] fatal: not a git repository (or any of the parent directories): .git
2025-01-24 20:08:23.923 [info] > git rev-parse --show-toplevel [1ms]
2025-01-24 20:08:23.923 [info] fatal: not a git repository (or any parent up to mount point /)
Stopping at filesystem boundary (GIT_DISCOVERY_ACROSS_FILESYSTEM not set).
2025-01-24 20:17:10.079 [info] > git rev-parse --show-toplevel [1ms]
2025-01-24 20:17:10.079 [info] fatal: not a git repository (or any parent up to mount point /)
Stopping at filesystem boundary (GIT_DISCOVERY_ACROSS_FILESYSTEM not set).
2025-01-24 20:17:42.636 [info] > git rev-parse --show-toplevel [1ms]
2025-01-24 20:17:42.636 [info] fatal: not a git repository (or any parent up to mount point /)
Stopping at filesystem boundary (GIT_DISCOVERY_ACROSS_FILESYSTEM not set).
2025-01-24 20:30:02.498 [info] > git rev-parse --show-toplevel [1ms]
2025-01-24 20:30:02.498 [info] fatal: not a git repository (or any parent up to mount point /)
Stopping at filesystem boundary (GIT_DISCOVERY_ACROSS_FILESYSTEM not set).
2025-01-24 20:31:59.331 [info] > git rev-parse --show-toplevel [1ms]
2025-01-24 20:31:59.331 [info] fatal: not a git repository (or any parent up to mount point /)
Stopping at filesystem boundary (GIT_DISCOVERY_ACROSS_FILESYSTEM not set).
2025-01-24 20:32:03.979 [info] > git rev-parse --show-toplevel [2ms]
2025-01-24 20:32:03.979 [info] fatal: not a git repository (or any parent up to mount point /)
Stopping at filesystem boundary (GIT_DISCOVERY_ACROSS_FILESYSTEM not set).
2025-01-24 20:32:07.920 [info] > git rev-parse --show-toplevel [1ms]
2025-01-24 20:32:07.920 [info] fatal: not a git repository (or any parent up to mount point /)
Stopping at filesystem boundary (GIT_DISCOVERY_ACROSS_FILESYSTEM not set).
2025-01-24 20:32:14.034 [info] > git rev-parse --show-toplevel [2ms]
2025-01-24 20:32:14.034 [info] fatal: not a git repository (or any parent up to mount point /)
Stopping at filesystem boundary (GIT_DISCOVERY_ACROSS_FILESYSTEM not set).
