2025-01-24 18:18:40.726 [info] Reading sessions from keychain...
2025-01-24 18:18:40.726 [info] Getting sessions for all scopes...
2025-01-24 18:18:40.726 [info] Getting sessions for all scopes...
2025-01-24 18:18:40.726 [info] Getting sessions for all scopes...
2025-01-24 18:18:40.726 [info] Getting sessions for all scopes...
2025-01-24 18:18:40.726 [info] Getting sessions for all scopes...
2025-01-24 18:18:40.726 [info] Getting sessions for all scopes...
2025-01-24 18:18:40.726 [info] Getting sessions for all scopes...
2025-01-24 18:18:40.726 [info] Getting sessions for all scopes...
2025-01-24 18:18:40.726 [info] Got stored sessions!
2025-01-24 18:18:40.726 [info] Got 1 verified sessions.
2025-01-24 18:18:40.726 [info] Got 1 sessions for ...
2025-01-24 18:18:40.726 [info] Got 1 sessions for ...
2025-01-24 18:18:40.726 [info] Got 1 sessions for ...
2025-01-24 18:18:40.726 [info] Got 1 sessions for ...
2025-01-24 18:18:40.726 [info] Got 1 sessions for ...
2025-01-24 18:18:40.726 [info] Got 1 sessions for ...
2025-01-24 18:18:40.726 [info] Got 1 sessions for ...
2025-01-24 18:18:40.726 [info] Got 1 sessions for ...
2025-01-24 18:18:40.875 [info] Getting sessions for all scopes...
2025-01-24 18:18:40.875 [info] Got 1 sessions for ...
2025-01-24 18:18:41.146 [info] Getting sessions for read:user,repo,user:email,workflow...
2025-01-24 18:18:41.147 [info] Got 1 sessions for read:user,repo,user:email,workflow...
2025-01-24 18:18:41.948 [info] Getting sessions for read:user,repo,user:email,workflow...
2025-01-24 18:18:41.948 [info] Got 1 sessions for read:user,repo,user:email,workflow...
2025-01-24 18:18:43.303 [info] Getting sessions for all scopes...
2025-01-24 18:18:43.304 [info] Got 1 sessions for ...
