2025-01-24 16:27:46.632 [info] Reading sessions from keychain...
2025-01-24 16:27:46.632 [info] Getting sessions for all scopes...
2025-01-24 16:27:46.632 [info] Getting sessions for all scopes...
2025-01-24 16:27:46.632 [info] Getting sessions for all scopes...
2025-01-24 16:27:46.632 [info] Getting sessions for all scopes...
2025-01-24 16:27:46.632 [info] Getting sessions for all scopes...
2025-01-24 16:27:46.632 [info] Getting sessions for all scopes...
2025-01-24 16:27:46.632 [info] Getting sessions for all scopes...
2025-01-24 16:27:46.632 [info] Got 0 sessions for ...
2025-01-24 16:27:46.632 [info] Got 0 sessions for ...
2025-01-24 16:27:46.632 [info] Got 0 sessions for ...
2025-01-24 16:27:46.632 [info] Got 0 sessions for ...
2025-01-24 16:27:46.632 [info] Got 0 sessions for ...
2025-01-24 16:27:46.632 [info] Got 0 sessions for ...
2025-01-24 16:27:46.632 [info] Got 0 sessions for ...
2025-01-24 16:27:48.317 [info] Getting sessions for all scopes...
2025-01-24 16:27:48.317 [info] Got 0 sessions for ...
2025-01-24 16:28:03.371 [info] Getting sessions for read:user,repo,user:email,workflow...
2025-01-24 16:28:03.371 [info] Got 0 sessions for read:user,repo,user:email,workflow...
2025-01-24 16:28:05.511 [info] Logging in with 'any' account...
2025-01-24 16:28:05.511 [info] Logging in for the following scopes: read:user repo user:email workflow
2025-01-24 16:28:05.521 [info] Trying without local server... (read:user repo user:email workflow)
2025-01-24 16:32:27.586 [error] User Cancelled
2025-01-24 16:32:29.522 [info] Trying with local server... (read:user repo user:email workflow)
2025-01-24 16:32:34.561 [error] User Cancelled
2025-01-24 16:32:48.655 [info] Getting sessions for read:user,repo,user:email,workflow...
2025-01-24 16:32:48.655 [info] Got 0 sessions for read:user,repo,user:email,workflow...
2025-01-24 16:32:50.565 [info] Logging in with 'any' account...
2025-01-24 16:32:50.565 [info] Logging in for the following scopes: read:user repo user:email workflow
2025-01-24 16:32:50.576 [info] Trying without local server... (read:user repo user:email workflow)
2025-01-24 16:33:51.387 [info] Exchanging code for token...
2025-01-24 16:33:52.038 [info] Token exchange success!
2025-01-24 16:33:52.039 [info] Getting user info...
2025-01-24 16:33:52.727 [info] Got account info!
2025-01-24 16:33:52.727 [info] Storing 1 sessions...
2025-01-24 16:33:52.731 [info] Reading sessions from keychain...
2025-01-24 16:33:52.732 [info] Stored 1 sessions!
2025-01-24 16:33:52.732 [info] Login success!
2025-01-24 16:33:52.733 [info] Getting sessions for all scopes...
2025-01-24 16:33:52.734 [info] Getting sessions for all scopes...
2025-01-24 16:33:52.771 [info] Got stored sessions!
2025-01-24 16:33:52.771 [info] Got 1 verified sessions.
2025-01-24 16:33:52.771 [info] Got 1 sessions for ...
2025-01-24 16:33:52.771 [info] Got 1 sessions for ...
2025-01-24 16:35:21.577 [info] Reading sessions from keychain...
2025-01-24 16:35:21.577 [info] Getting sessions for all scopes...
2025-01-24 16:35:21.577 [info] Getting sessions for all scopes...
2025-01-24 16:35:21.577 [info] Getting sessions for all scopes...
2025-01-24 16:35:21.577 [info] Getting sessions for all scopes...
2025-01-24 16:35:21.577 [info] Getting sessions for all scopes...
2025-01-24 16:35:21.577 [info] Getting sessions for all scopes...
2025-01-24 16:35:21.577 [info] Getting sessions for all scopes...
2025-01-24 16:35:21.577 [info] Getting sessions for all scopes...
2025-01-24 16:35:21.577 [info] Got stored sessions!
2025-01-24 16:35:21.577 [info] Got 1 verified sessions.
2025-01-24 16:35:21.577 [info] Got 1 sessions for ...
2025-01-24 16:35:21.577 [info] Got 1 sessions for ...
2025-01-24 16:35:21.577 [info] Got 1 sessions for ...
2025-01-24 16:35:21.577 [info] Got 1 sessions for ...
2025-01-24 16:35:21.577 [info] Got 1 sessions for ...
2025-01-24 16:35:21.577 [info] Got 1 sessions for ...
2025-01-24 16:35:21.577 [info] Got 1 sessions for ...
2025-01-24 16:35:21.577 [info] Got 1 sessions for ...
2025-01-24 16:35:21.788 [info] Getting sessions for read:user,repo,user:email,workflow...
2025-01-24 16:35:21.789 [info] Got 1 sessions for read:user,repo,user:email,workflow...
2025-01-24 16:35:22.522 [info] Getting sessions for read:user,repo,user:email,workflow...
2025-01-24 16:35:22.523 [info] Got 1 sessions for read:user,repo,user:email,workflow...
2025-01-24 16:35:23.550 [info] Getting sessions for all scopes...
2025-01-24 16:35:23.550 [info] Got 1 sessions for ...
